<?xml version="1.0" encoding="UTF-8"?>
<testng-results ignored="0" total="2" passed="2" failed="0" skipped="0">
  <reporter-output>
  </reporter-output>
  <suite started-at="2020-06-01T23:58:27 EET" name="Default suite" finished-at="2020-06-01T23:59:42 EET" duration-ms="75505">
    <groups>
    </groups>
    <test started-at="2020-06-01T23:58:27 EET" name="Default test" finished-at="2020-06-01T23:59:42 EET" duration-ms="75505">
      <class name="mailtest.Tests">
        <test-method is-config="true" signature="beforeClass()[pri:0, instance:mailtest.Tests@1f0f1111]" started-at="2020-06-01T23:58:27 EET" name="beforeClass" finished-at="2020-06-01T23:58:40 EET" duration-ms="13179" status="PASS">
          <reporter-output>
          </reporter-output>
        </test-method> <!-- beforeClass -->
        <test-method signature="Test_Login(mailpages.MailData)[pri:0, instance:mailtest.Tests@1f0f1111]" started-at="2020-06-01T23:58:40 EET" name="Test_Login" data-provider="DataProvider" finished-at="2020-06-01T23:58:45 EET" duration-ms="4162" status="PASS">
          <params>
            <param index="0">
              <value>
                <![CDATA[mailpages.MailData@4763c727]]>
              </value>
            </param>
          </params>
          <reporter-output>
          </reporter-output>
        </test-method> <!-- Test_Login -->
        <test-method signature="Test_SendMail(mailpages.MailData)[pri:0, instance:mailtest.Tests@1f0f1111]" started-at="2020-06-01T23:58:45 EET" name="Test_SendMail" data-provider="DataProvider" finished-at="2020-06-01T23:59:41 EET" duration-ms="56737" status="PASS">
          <params>
            <param index="0">
              <value>
                <![CDATA[mailpages.MailData@7807ac2c]]>
              </value>
            </param>
          </params>
          <reporter-output>
          </reporter-output>
        </test-method> <!-- Test_SendMail -->
        <test-method is-config="true" signature="afterClass()[pri:0, instance:mailtest.Tests@1f0f1111]" started-at="2020-06-01T23:59:41 EET" name="afterClass" finished-at="2020-06-01T23:59:42 EET" duration-ms="712" status="PASS">
          <reporter-output>
          </reporter-output>
        </test-method> <!-- afterClass -->
      </class> <!-- mailtest.Tests -->
    </test> <!-- Default test -->
  </suite> <!-- Default suite -->
</testng-results>
